Determining if the pthread_create exist failed with the following output:
Change Dir: /media/storage/programming/yash101/repos/DevTech/devserver/linux/build-DevServer-Desktop-Default/CMakeFiles/CMakeTmp

Run Build Command:/usr/bin/make "cmTryCompileExec2830346270/fast"
make[1]: Entering directory `/media/storage/programming/yash101/repos/DevTech/devserver/linux/build-DevServer-Desktop-Default/CMakeFiles/CMakeTmp'
/usr/bin/make -f CMakeFiles/cmTryCompileExec2830346270.dir/build.make CMakeFiles/cmTryCompileExec2830346270.dir/build
make[2]: Entering directory `/media/storage/programming/yash101/repos/DevTech/devserver/linux/build-DevServer-Desktop-Default/CMakeFiles/CMakeTmp'
/usr/bin/cmake -E cmake_progress_report /media/storage/programming/yash101/repos/DevTech/devserver/linux/build-DevServer-Desktop-Default/CMakeFiles/CMakeTmp/CMakeFiles 1
Building C object CMakeFiles/cmTryCompileExec2830346270.dir/CheckSymbolExists.c.o
/usr/bin/cc    -o CMakeFiles/cmTryCompileExec2830346270.dir/CheckSymbolExists.c.o   -c /media/storage/programming/yash101/repos/DevTech/devserver/linux/build-DevServer-Desktop-Default/CMakeFiles/CMakeTmp/CheckSymbolExists.c
Linking C executable cmTryCompileExec2830346270
/usr/bin/cmake -E cmake_link_script CMakeFiles/cmTryCompileExec2830346270.dir/link.txt --verbose=1
/usr/bin/cc       CMakeFiles/cmTryCompileExec2830346270.dir/CheckSymbolExists.c.o  -o cmTryCompileExec2830346270 -rdynamic 
CMakeFiles/cmTryCompileExec2830346270.dir/CheckSymbolExists.c.o: In function `main':
CheckSymbolExists.c:(.text+0x16): undefined reference to `pthread_create'
collect2: error: ld returned 1 exit status
make[2]: Leaving directory `/media/storage/programming/yash101/repos/DevTech/devserver/linux/build-DevServer-Desktop-Default/CMakeFiles/CMakeTmp'
make[2]: *** [cmTryCompileExec2830346270] Error 1
make[1]: Leaving directory `/media/storage/programming/yash101/repos/DevTech/devserver/linux/build-DevServer-Desktop-Default/CMakeFiles/CMakeTmp'
make[1]: *** [cmTryCompileExec2830346270/fast] Error 2

File /media/storage/programming/yash101/repos/DevTech/devserver/linux/build-DevServer-Desktop-Default/CMakeFiles/CMakeTmp/CheckSymbolExists.c:
/* */
#include <pthread.h>

int main(int argc, char** argv)
{
  (void)argv;
#ifndef pthread_create
  return ((int*)(&pthread_create))[argc];
#else
  (void)argc;
  return 0;
#endif
}

Determining if the function pthread_create exists in the pthreads failed with the following output:
Change Dir: /media/storage/programming/yash101/repos/DevTech/devserver/linux/build-DevServer-Desktop-Default/CMakeFiles/CMakeTmp

Run Build Command:/usr/bin/make "cmTryCompileExec2003582792/fast"
make[1]: Entering directory `/media/storage/programming/yash101/repos/DevTech/devserver/linux/build-DevServer-Desktop-Default/CMakeFiles/CMakeTmp'
/usr/bin/make -f CMakeFiles/cmTryCompileExec2003582792.dir/build.make CMakeFiles/cmTryCompileExec2003582792.dir/build
make[2]: Entering directory `/media/storage/programming/yash101/repos/DevTech/devserver/linux/build-DevServer-Desktop-Default/CMakeFiles/CMakeTmp'
/usr/bin/cmake -E cmake_progress_report /media/storage/programming/yash101/repos/DevTech/devserver/linux/build-DevServer-Desktop-Default/CMakeFiles/CMakeTmp/CMakeFiles 1
Building C object CMakeFiles/cmTryCompileExec2003582792.dir/CheckFunctionExists.c.o
/usr/bin/cc   -DCHECK_FUNCTION_EXISTS=pthread_create   -o CMakeFiles/cmTryCompileExec2003582792.dir/CheckFunctionExists.c.o   -c /usr/share/cmake-2.8/Modules/CheckFunctionExists.c
Linking C executable cmTryCompileExec2003582792
/usr/bin/cmake -E cmake_link_script CMakeFiles/cmTryCompileExec2003582792.dir/link.txt --verbose=1
/usr/bin/cc   -DCHECK_FUNCTION_EXISTS=pthread_create    CMakeFiles/cmTryCompileExec2003582792.dir/CheckFunctionExists.c.o  -o cmTryCompileExec2003582792 -rdynamic -lpthreads 
/usr/bin/ld: cannot find -lpthreads
collect2: error: ld returned 1 exit status
make[2]: Leaving directory `/media/storage/programming/yash101/repos/DevTech/devserver/linux/build-DevServer-Desktop-Default/CMakeFiles/CMakeTmp'
make[2]: *** [cmTryCompileExec2003582792] Error 1
make[1]: *** [cmTryCompileExec2003582792/fast] Error 2
make[1]: Leaving directory `/media/storage/programming/yash101/repos/DevTech/devserver/linux/build-DevServer-Desktop-Default/CMakeFiles/CMakeTmp'


