Determining if the pthread_create exist failed with the following output:
Change Dir: /media/storage/programming/yash101/repos/DevTech/devserver/linux/CMAKE/build/CMakeFiles/CMakeTmp

Run Build Command:/usr/bin/make "cmTryCompileExec3752791641/fast"
/usr/bin/make -f CMakeFiles/cmTryCompileExec3752791641.dir/build.make CMakeFiles/cmTryCompileExec3752791641.dir/build
make[1]: Entering directory `/media/storage/programming/yash101/repos/DevTech/devserver/linux/CMAKE/build/CMakeFiles/CMakeTmp'
/usr/bin/cmake -E cmake_progress_report /media/storage/programming/yash101/repos/DevTech/devserver/linux/CMAKE/build/CMakeFiles/CMakeTmp/CMakeFiles 1
Building C object CMakeFiles/cmTryCompileExec3752791641.dir/CheckSymbolExists.c.o
/usr/bin/cc    -o CMakeFiles/cmTryCompileExec3752791641.dir/CheckSymbolExists.c.o   -c /media/storage/programming/yash101/repos/DevTech/devserver/linux/CMAKE/build/CMakeFiles/CMakeTmp/CheckSymbolExists.c
Linking C executable cmTryCompileExec3752791641
/usr/bin/cmake -E cmake_link_script CMakeFiles/cmTryCompileExec3752791641.dir/link.txt --verbose=1
/usr/bin/cc       CMakeFiles/cmTryCompileExec3752791641.dir/CheckSymbolExists.c.o  -o cmTryCompileExec3752791641 -rdynamic 
CMakeFiles/cmTryCompileExec3752791641.dir/CheckSymbolExists.c.o: In function `main':
CheckSymbolExists.c:(.text+0x16): undefined reference to `pthread_create'
collect2: error: ld returned 1 exit status
make[1]: *** [cmTryCompileExec3752791641] Error 1
make[1]: Leaving directory `/media/storage/programming/yash101/repos/DevTech/devserver/linux/CMAKE/build/CMakeFiles/CMakeTmp'
make: *** [cmTryCompileExec3752791641/fast] Error 2

File /media/storage/programming/yash101/repos/DevTech/devserver/linux/CMAKE/build/CMakeFiles/CMakeTmp/CheckSymbolExists.c:
/* */
#include <pthread.h>

int main(int argc, char** argv)
{
  (void)argv;
#ifndef pthread_create
  return ((int*)(&pthread_create))[argc];
#else
  (void)argc;
  return 0;
#endif
}

Determining if the function pthread_create exists in the pthreads failed with the following output:
Change Dir: /media/storage/programming/yash101/repos/DevTech/devserver/linux/CMAKE/build/CMakeFiles/CMakeTmp

Run Build Command:/usr/bin/make "cmTryCompileExec2030195896/fast"
/usr/bin/make -f CMakeFiles/cmTryCompileExec2030195896.dir/build.make CMakeFiles/cmTryCompileExec2030195896.dir/build
make[1]: Entering directory `/media/storage/programming/yash101/repos/DevTech/devserver/linux/CMAKE/build/CMakeFiles/CMakeTmp'
/usr/bin/cmake -E cmake_progress_report /media/storage/programming/yash101/repos/DevTech/devserver/linux/CMAKE/build/CMakeFiles/CMakeTmp/CMakeFiles 1
Building C object CMakeFiles/cmTryCompileExec2030195896.dir/CheckFunctionExists.c.o
/usr/bin/cc   -DCHECK_FUNCTION_EXISTS=pthread_create   -o CMakeFiles/cmTryCompileExec2030195896.dir/CheckFunctionExists.c.o   -c /usr/share/cmake-2.8/Modules/CheckFunctionExists.c
Linking C executable cmTryCompileExec2030195896
/usr/bin/cmake -E cmake_link_script CMakeFiles/cmTryCompileExec2030195896.dir/link.txt --verbose=1
/usr/bin/cc   -DCHECK_FUNCTION_EXISTS=pthread_create    CMakeFiles/cmTryCompileExec2030195896.dir/CheckFunctionExists.c.o  -o cmTryCompileExec2030195896 -rdynamic -lpthreads 
/usr/bin/ld: cannot find -lpthreads
collect2: error: ld returned 1 exit status
make[1]: *** [cmTryCompileExec2030195896] Error 1
make[1]: Leaving directory `/media/storage/programming/yash101/repos/DevTech/devserver/linux/CMAKE/build/CMakeFiles/CMakeTmp'
make: *** [cmTryCompileExec2030195896/fast] Error 2


